04/05/2019 01:07:10 PM - [INFO]: ShodanEngine Found [ 853 ] Reported Devices
04/05/2019 01:07:10 PM - [INFO]: ShodanEngine Applying Country Filter ... 
04/05/2019 01:07:10 PM - [INFO]: ShodanEngine Device Count 11 For Query [ scada {'country': 'ITA'} ]
04/05/2019 01:07:10 PM - [INFO]: Device Number: [ 0 ]
04/05/2019 01:07:10 PM - [INFO]: ShodanEngine Transport Retrieved: TCP
04/05/2019 01:07:10 PM - [INFO]: ShodanEngine Ip Address Retrieved: 62.123.76.96
04/05/2019 01:07:11 PM - [INFO]: ShodanEngine Ports Retrieved: [8080, 22, 2222, 80, 123]
04/05/2019 01:07:11 PM - [INFO]: ShodanEngine Organization Retrieved: BT Italia S.p.A.
04/05/2019 01:07:11 PM - [INFO]: ShodanEngine Country Code3 Retrieved: ITA
04/05/2019 01:07:11 PM - [INFO]: ShodanEngine Longitude, Latitude Retrieved: 12.109700000000004, 43.14789999999999
04/05/2019 01:07:11 PM - [INFO]: ShodanEngine Data, Server OS Retrieved: HTTP/1.1, CirCarLife Scada v4.2.2
04/05/2019 01:07:11 PM - [INFO]: ShodanEngine CVE Retrieved: ['CVE-2011-5000', 'CVE-2017-15906', 'CVE-2014-1692', 'CVE-2010-5107', 'CVE-2007-4752', 'CVE-2008-1657', 'CVE-2018-15473', 'CVE-2016-10708', 'CVE-2007-2243', 'CVE-2008-3259', 'CVE-2010-4478', 'CVE-2011-4327', 'CVE-2010-4755', 'CVE-2008-4109', 'CVE-2012-0814']
04/05/2019 01:07:12 PM - [INFO]: Device Number: [ 1 ]
04/05/2019 01:07:12 PM - [INFO]: ShodanEngine Transport Retrieved: TCP
04/05/2019 01:07:12 PM - [INFO]: ShodanEngine Ip Address Retrieved: 2.195.168.32
04/05/2019 01:07:12 PM - [INFO]: ShodanEngine Ports Retrieved: [80, 22, 123, 21, 8080, 3000, 23, 2121, 137, 554]
04/05/2019 01:07:12 PM - [INFO]: ShodanEngine Organization Retrieved: Telecom Italia Mobile
04/05/2019 01:07:12 PM - [INFO]: ShodanEngine City Retrieved: Ravenna
04/05/2019 01:07:12 PM - [INFO]: ShodanEngine Country Code3 Retrieved: ITA
04/05/2019 01:07:12 PM - [INFO]: ShodanEngine Postal Code Retrieved: 48100
04/05/2019 01:07:12 PM - [INFO]: ShodanEngine Longitude, Latitude Retrieved: 12.201099999999997, 44.41749999999999
04/05/2019 01:07:12 PM - [INFO]: ShodanEngine Data, Server OS Retrieved: HTTP/1.1, CirCarLife Scada v4.2.4
04/05/2019 01:07:13 PM - [INFO]: ShodanEngine CVE Retrieved: ['CVE-2018-10549', 'CVE-2018-5712', 'CVE-2018-5711', 'CVE-2017-15906', 'CVE-2018-10545', 'CVE-2018-10547', 'CVE-2018-10546', 'CVE-2016-0736', 'CVE-2017-12934', 'CVE-2016-0777', 'CVE-2017-11628', 'CVE-2018-1312', 'CVE-2017-12933', 'CVE-2017-12932', 'CVE-2018-1333', 'CVE-2014-2653', 'CVE-2018-11763', 'CVE-2018-10548', 'CVE-2014-2532', 'CVE-2018-19396', 'CVE-2018-19395', 'CVE-2017-7890', 'CVE-2017-11145', 'CVE-2017-11144', 'CVE-2018-19935', 'CVE-2016-5387', 'CVE-2014-1692', 'CVE-2016-0778', 'CVE-2018-17082', 'CVE-2017-15710', 'CVE-2017-7668', 'CVE-2017-15715', 'CVE-2017-7679', 'CVE-2012-0814', 'CVE-2017-16642', 'CVE-2018-7584', 'CVE-2010-5107', 'CVE-2018-14883', 'CVE-2018-14884', 'CVE-2018-15473', 'CVE-2017-9788', 'CVE-2016-10708', 'CVE-2017-3167', 'CVE-2017-9798', 'CVE-2011-5000', 'CVE-2017-3169', 'CVE-2017-11362', 'CVE-2016-2161', 'CVE-2018-14851', 'CVE-2018-15919', 'CVE-2016-4975', 'CVE-2010-4478', 'CVE-2018-1283', 'CVE-2016-8740', 'CVE-2016-8743', 'CVE-2010-4755', 'CVE-2018-15132', 'CVE-2011-4327']
04/05/2019 01:07:14 PM - [INFO]: Device Number: [ 2 ]
04/05/2019 01:07:14 PM - [INFO]: ShodanEngine Transport Retrieved: TCP
04/05/2019 01:07:14 PM - [INFO]: ShodanEngine Ip Address Retrieved: 83.224.136.170
04/05/2019 01:07:15 PM - [INFO]: ShodanEngine Ports Retrieved: [123, 80, 22, 50000, 53, 161, 6000, 111, 81, 443, 1911, 21, 8000, 137, 554, 8080, 8001, 37, 13, 88, 23]
04/05/2019 01:07:15 PM - [INFO]: ShodanEngine Organization Retrieved: Vodafone Italy ask to use the space unassigment bu
04/05/2019 01:07:15 PM - [INFO]: ShodanEngine City Retrieved: Sesto Calende
04/05/2019 01:07:15 PM - [INFO]: ShodanEngine Country Code3 Retrieved: ITA
04/05/2019 01:07:15 PM - [INFO]: ShodanEngine Postal Code Retrieved: 21018
04/05/2019 01:07:15 PM - [INFO]: ShodanEngine Longitude, Latitude Retrieved: 8.633999999999986, 45.7261
04/05/2019 01:07:15 PM - [INFO]: ShodanEngine Data, Server OS Retrieved: HTTP/1.1, CirCarLife Scada v4.2.4
04/05/2019 01:07:15 PM - [INFO]: ShodanEngine CVE Retrieved: ['CVE-2011-5000', 'CVE-2017-15906', 'CVE-2014-1692', 'CVE-2010-5107', 'CVE-2007-4752', 'CVE-2008-1657', 'CVE-2018-15473', 'CVE-2016-10708', 'CVE-2007-2243', 'CVE-2008-3259', 'CVE-2010-4478', 'CVE-2016-0777', 'CVE-2011-4327', 'CVE-2010-4755', 'CVE-2008-4109', 'CVE-2012-0814']
04/05/2019 01:07:16 PM - [INFO]: Device Number: [ 3 ]
04/05/2019 01:07:16 PM - [INFO]: ShodanEngine Transport Retrieved: TCP
04/05/2019 01:07:16 PM - [INFO]: ShodanEngine Ip Address Retrieved: 2.195.181.119
04/05/2019 01:07:17 PM - [INFO]: ShodanEngine Ports Retrieved: [80]
04/05/2019 01:07:17 PM - [INFO]: ShodanEngine Organization Retrieved: Telecom Italia Mobile
04/05/2019 01:07:17 PM - [INFO]: ShodanEngine City Retrieved: Ravenna
04/05/2019 01:07:17 PM - [INFO]: ShodanEngine Country Code3 Retrieved: ITA
04/05/2019 01:07:17 PM - [INFO]: ShodanEngine Postal Code Retrieved: 48100
04/05/2019 01:07:17 PM - [INFO]: ShodanEngine Longitude, Latitude Retrieved: 12.201099999999997, 44.41749999999999
04/05/2019 01:07:17 PM - [INFO]: ShodanEngine Data, Server OS Retrieved: HTTP/1.1, CirCarLife Scada v4.2.4
04/05/2019 01:07:17 PM - [INFO]: ShodanEngine CVE Retrieved: 
04/05/2019 01:07:18 PM - [INFO]: Device Number: [ 4 ]
04/05/2019 01:07:18 PM - [INFO]: ShodanEngine Transport Retrieved: TCP
04/05/2019 01:07:18 PM - [INFO]: ShodanEngine Ip Address Retrieved: 2.195.169.32
04/05/2019 01:07:18 PM - [INFO]: ShodanEngine Ports Retrieved: [80, 23, 5432, 53, 81, 123, 12345, 137]
04/05/2019 01:07:18 PM - [INFO]: ShodanEngine Organization Retrieved: Telecom Italia Mobile
04/05/2019 01:07:18 PM - [INFO]: ShodanEngine City Retrieved: Ravenna
04/05/2019 01:07:18 PM - [INFO]: ShodanEngine Country Code3 Retrieved: ITA
04/05/2019 01:07:18 PM - [INFO]: ShodanEngine Postal Code Retrieved: 48100
04/05/2019 01:07:18 PM - [INFO]: ShodanEngine Longitude, Latitude Retrieved: 12.201099999999997, 44.41749999999999
04/05/2019 01:07:18 PM - [INFO]: ShodanEngine Data, Server OS Retrieved: HTTP/1.1, CirCarLife Scada v4.2.4
04/05/2019 01:07:29 PM - [INFO]: ShodanEngine CVE Retrieved: ['CVE-2018-1115', 'CVE-2017-7548', 'CVE-2016-5423', 'CVE-2016-0773', 'CVE-2016-5424', 'CVE-2018-1058', 'CVE-2017-12172', 'CVE-2017-7484', 'CVE-2017-7485', 'CVE-2017-7486', 'CVE-2017-14798', 'CVE-2017-7547', 'CVE-2017-7546', 'CVE-2016-0766', 'CVE-2017-15098']
04/05/2019 01:07:30 PM - [INFO]: Device Number: [ 5 ]
04/05/2019 01:07:30 PM - [INFO]: ShodanEngine Transport Retrieved: TCP
04/05/2019 01:07:30 PM - [INFO]: ShodanEngine Ip Address Retrieved: 2.195.166.230
04/05/2019 01:07:30 PM - [INFO]: ShodanEngine Ports Retrieved: [81, 80, 22, 21, 9443, 5900, 123, 161, 1911, 23, 5353, 8080, 53, 8081]
04/05/2019 01:07:30 PM - [INFO]: ShodanEngine Organization Retrieved: Telecom Italia Mobile
04/05/2019 01:07:30 PM - [INFO]: ShodanEngine City Retrieved: Ravenna
04/05/2019 01:07:30 PM - [INFO]: ShodanEngine Country Code3 Retrieved: ITA
04/05/2019 01:07:30 PM - [INFO]: ShodanEngine Postal Code Retrieved: 48100
04/05/2019 01:07:30 PM - [INFO]: ShodanEngine Longitude, Latitude Retrieved: 12.201099999999997, 44.41749999999999
04/05/2019 01:07:30 PM - [INFO]: ShodanEngine Data, Server OS Retrieved: HTTP/1.1, CirCarLife Scada v4.2.4
04/05/2019 01:07:31 PM - [INFO]: ShodanEngine CVE Retrieved: ['CVE-2014-2532', 'CVE-2010-4755', 'CVE-2018-15919', 'CVE-2017-15906', 'CVE-2014-1692', 'CVE-2014-2653', 'CVE-2007-4752', 'CVE-2010-4478', 'CVE-2008-1657', 'CVE-2018-15473', 'CVE-2007-2243', 'CVE-2008-3259', 'CVE-2016-10708', 'CVE-2016-0777', 'CVE-2011-4327', 'CVE-2010-5107', 'CVE-2011-5000', 'CVE-2016-8858', 'CVE-2016-0778', 'CVE-2012-0814', 'CVE-2008-4109']
04/05/2019 01:07:32 PM - [INFO]: Device Number: [ 6 ]
04/05/2019 01:07:32 PM - [INFO]: ShodanEngine Transport Retrieved: TCP
04/05/2019 01:07:32 PM - [INFO]: ShodanEngine Ip Address Retrieved: 31.199.192.189
04/05/2019 01:07:35 PM - [INFO]: ShodanEngine Ports Retrieved: [2000, 8081, 3306]
04/05/2019 01:07:35 PM - [INFO]: ShodanEngine Organization Retrieved: Telecom Italia Business
04/05/2019 01:07:35 PM - [INFO]: ShodanEngine City Retrieved: Siracusa
04/05/2019 01:07:35 PM - [INFO]: ShodanEngine Country Code3 Retrieved: ITA
04/05/2019 01:07:35 PM - [INFO]: ShodanEngine Postal Code Retrieved: 96100
04/05/2019 01:07:35 PM - [INFO]: ShodanEngine Longitude, Latitude Retrieved: 15.276299999999992, 37.08410000000001
04/05/2019 01:07:35 PM - [INFO]: ShodanEngine Data, Server OS Retrieved: HTTP/1.1, Apache/2.2.8 (Win32) DAV/2 mod_ssl/2.2.8 OpenSSL/0.9.8g mod_autoindex_color PHP/5.2.5
04/05/2019 01:07:36 PM - [INFO]: ShodanEngine CVE Retrieved: ['CVE-2018-10549', 'CVE-2014-5459', 'CVE-2008-2939', 'CVE-2008-5658', 'CVE-2018-10545', 'CVE-2018-10547', 'CVE-2018-10546', 'CVE-2012-0102', 'CVE-2012-0101', 'CVE-2008-5557', 'CVE-2008-5498', 'CVE-2012-1172', 'CVE-2018-10548', 'CVE-2010-1861', 'CVE-2010-1860', 'CVE-2010-1862', 'CVE-2010-1864', 'CVE-2010-1868', 'CVE-2014-2497', 'CVE-2010-4645', 'CVE-2008-0599', 'CVE-2011-1468', 'CVE-2011-1469', 'CVE-2011-0421', 'CVE-2012-2688', 'CVE-2012-2687', 'CVE-2009-3294', 'CVE-2011-1466', 'CVE-2011-1467', 'CVE-2011-1464', 'CVE-2009-3291', 'CVE-2011-3182', 'CVE-2010-2097', 'CVE-2008-3659', 'CVE-2008-3658', 'CVE-2010-2093', 'CVE-2012-0114', 'CVE-2018-20783', 'CVE-2009-3555', 'CVE-2009-3557', 'CVE-2012-0053', 'CVE-2006-7243', 'CVE-2012-0883', 'CVE-2009-3558', 'CVE-2012-1823', 'CVE-2013-1635', 'CVE-2016-4975', 'CVE-2011-3639', 'CVE-2007-4850', 'CVE-2010-3710', 'CVE-2008-0226', 'CVE-2009-4028', 'CVE-2013-1862', 'CVE-2013-1643', 'CVE-2011-4317', 'CVE-2007-1581', 'CVE-2010-2484', 'CVE-2010-1848', 'CVE-2014-0098', 'CVE-2011-3348', 'CVE-2018-19520', 'CVE-2018-19396', 'CVE-2016-7478', 'CVE-2012-2376', 'CVE-2012-0031', 'CVE-2012-2143', 'CVE-2010-3870', 'CVE-2012-1171', 'CVE-2012-0831', 'CVE-2018-17082', 'CVE-2019-9639', 'CVE-2019-9638', 'CVE-2013-6438', 'CVE-2013-4248', 'CVE-2019-9637', 'CVE-2009-1891', 'CVE-2011-4415', 'CVE-2010-2531', 'CVE-2009-1890', 'CVE-2018-14883', 'CVE-2013-2249', 'CVE-2011-1153', 'CVE-2010-1452', 'CVE-2010-0434', 'CVE-2012-0075', 'CVE-2010-1850', 'CVE-2014-8626', 'CVE-2008-5625', 'CVE-2012-2311', 'CVE-2014-0237', 'CVE-2010-1915', 'CVE-2011-0419', 'CVE-2014-0231', 'CVE-2014-0238', 'CVE-2019-9023', 'CVE-2019-9020', 'CVE-2019-9021', 'CVE-2019-9024', 'CVE-2009-1195', 'CVE-2011-3192', 'CVE-2008-4097', 'CVE-2008-3660', 'CVE-2008-2364', 'CVE-2010-0425', 'CVE-2012-3365', 'CVE-2010-1626', 'CVE-2008-1384', 'CVE-2011-3368', 'CVE-2008-5624', 'CVE-2012-4558', 'CVE-2011-0708', 'CVE-2011-3607', 'CVE-2011-1092', 'CVE-2018-19935', 'CVE-2009-5026', 'CVE-2013-4635', 'CVE-2009-1272', 'CVE-2008-2666', 'CVE-2010-4697', 'CVE-2009-1271', 'CVE-2010-4699', 'CVE-2010-2101', 'CVE-2010-2100', 'CVE-2017-7679', 'CVE-2019-6977', 'CVE-2010-2225', 'CVE-2012-0490', 'CVE-2011-2483', 'CVE-2008-3963', 'CVE-2007-6750', 'CVE-2010-1914', 'CVE-2008-4107', 'CVE-2010-1917', 'CVE-2011-3267', 'CVE-2014-9427', 'CVE-2015-8994', 'CVE-2019-9641', 'CVE-2010-1130', 'CVE-2018-15132', 'CVE-2009-2446', 'CVE-2010-3065', 'CVE-2011-4885', 'CVE-2010-0408', 'CVE-2011-0752', 'CVE-2011-0755', 'CVE-2009-4418', 'CVE-2012-0484', 'CVE-2010-3834', 'CVE-2010-2190', 'CVE-2010-2191', 'CVE-2009-2699', 'CVE-2011-3268', 'CVE-2008-2050', 'CVE-2008-2051', 'CVE-2010-3709', 'CVE-2013-1896', 'CVE-2016-8612', 'CVE-2012-2336', 'CVE-2008-7002', 'CVE-2009-4143', 'CVE-2009-4142', 'CVE-2010-3836', 'CVE-2010-3837', 'CVE-2009-4019', 'CVE-2010-3833', 'CVE-2010-1128', 'CVE-2010-1129', 'CVE-2010-3838', 'CVE-2017-16642', 'CVE-2013-2110', 'CVE-2012-3499', 'CVE-2011-4718', 'CVE-2008-7247', 'CVE-2018-19395', 'CVE-2008-2829', 'CVE-2012-2386', 'CVE-2008-4098', 'CVE-2008-5814', 'CVE-2012-0087', 'CVE-2010-1849', 'CVE-2012-0057', 'CVE-2012-0789', 'CVE-2012-0788', 'CVE-2009-4484', 'CVE-2011-1470']
04/05/2019 01:07:37 PM - [INFO]: Device Number: [ 7 ]
04/05/2019 01:07:37 PM - [INFO]: ShodanEngine Transport Retrieved: TCP
04/05/2019 01:07:37 PM - [INFO]: ShodanEngine Ip Address Retrieved: 2.195.161.3
04/05/2019 01:07:38 PM - [INFO]: ShodanEngine Ports Retrieved: [80, 8080, 23, 123, 2455, 5900, 83, 21, 5432, 3306]
04/05/2019 01:07:38 PM - [INFO]: ShodanEngine Organization Retrieved: Telecom Italia Mobile
04/05/2019 01:07:38 PM - [INFO]: ShodanEngine City Retrieved: Ravenna
04/05/2019 01:07:38 PM - [INFO]: ShodanEngine Country Code3 Retrieved: ITA
04/05/2019 01:07:38 PM - [INFO]: ShodanEngine Postal Code Retrieved: 48100
04/05/2019 01:07:38 PM - [INFO]: ShodanEngine Longitude, Latitude Retrieved: 12.201099999999997, 44.41749999999999
04/05/2019 01:07:38 PM - [INFO]: ShodanEngine Data, Server OS Retrieved: HTTP/1.1, CirCarLife Scada v4.3.0
04/05/2019 01:07:38 PM - [INFO]: ShodanEngine CVE Retrieved: ['CVE-2014-6530', 'CVE-2012-3180', 'CVE-2012-0578', 'CVE-2016-0773', 'CVE-2013-0383', 'CVE-2014-2419', 'CVE-2012-0553', 'CVE-2012-1757', 'CVE-2017-7484', 'CVE-2017-7485', 'CVE-2017-7486', 'CVE-2014-6500', 'CVE-2014-6507', 'CVE-2014-6505', 'CVE-2013-1502', 'CVE-2013-1506', 'CVE-2014-6464', 'CVE-2017-14798', 'CVE-2012-0882', 'CVE-2012-5060', 'CVE-2014-4258', 'CVE-2013-1511', 'CVE-2013-1512', 'CVE-2012-3158', 'CVE-2014-2431', 'CVE-2011-2262', 'CVE-2014-2436', 'CVE-2012-3150', 'CVE-2014-2438', 'CVE-2012-3156', 'CVE-2012-1689', 'CVE-2012-1688', 'CVE-2017-12172', 'CVE-2014-0437', 'CVE-2014-4243', 'CVE-2014-0386', 'CVE-2014-0384', 'CVE-2013-3805', 'CVE-2012-3149', 'CVE-2012-3147', 'CVE-2012-3144', 'CVE-2013-5891', 'CVE-2012-0583', 'CVE-2012-1696', 'CVE-2012-1697', 'CVE-2013-3783', 'CVE-2017-15098', 'CVE-2014-0420', 'CVE-2014-0393', 'CVE-2014-6478', 'CVE-2013-2392', 'CVE-2013-2391', 'CVE-2012-3177', 'CVE-2012-3173', 'CVE-2013-3794', 'CVE-2016-5423', 'CVE-2016-5424', 'CVE-2012-5096', 'CVE-2013-3793', 'CVE-2014-4260', 'CVE-2014-0412', 'CVE-2013-5908', 'CVE-2014-2440', 'CVE-2018-1058', 'CVE-2012-3163', 'CVE-2017-7548', 'CVE-2012-3166', 'CVE-2012-3167', 'CVE-2013-3812', 'CVE-2017-7547', 'CVE-2017-7546', 'CVE-2014-6491', 'CVE-2018-1115', 'CVE-2014-2432', 'CVE-2012-1705', 'CVE-2012-1702', 'CVE-2012-1703', 'CVE-2012-1690', 'CVE-2014-2430', 'CVE-2013-0371', 'CVE-2014-6494', 'CVE-2013-2376', 'CVE-2013-2389', 'CVE-2013-2378', 'CVE-2013-3804', 'CVE-2011-5049', 'CVE-2014-6495', 'CVE-2013-3801', 'CVE-2013-3802', 'CVE-2014-6496', 'CVE-2012-2102', 'CVE-2013-3808', 'CVE-2013-3809', 'CVE-2012-0574', 'CVE-2012-0572', 'CVE-2012-1735', 'CVE-2012-1734', 'CVE-2012-2749', 'CVE-2014-6469', 'CVE-2013-0367', 'CVE-2013-0368', 'CVE-2014-0001', 'CVE-2012-3197', 'CVE-2014-6463', 'CVE-2014-6520', 'CVE-2013-1521', 'CVE-2013-1523', 'CVE-2014-6484', 'CVE-2013-0389', 'CVE-2013-0386', 'CVE-2013-0384', 'CVE-2013-0385', 'CVE-2016-0766', 'CVE-2012-3160', 'CVE-2012-0540', 'CVE-2013-1492', 'CVE-2013-1555', 'CVE-2014-6551', 'CVE-2012-2750', 'CVE-2014-6555', 'CVE-2014-6559', 'CVE-2013-1552', 'CVE-2014-0401', 'CVE-2014-0402']
04/05/2019 01:07:39 PM - [INFO]: Device Number: [ 8 ]
04/05/2019 01:07:39 PM - [INFO]: ShodanEngine Transport Retrieved: TCP
04/05/2019 01:07:39 PM - [INFO]: ShodanEngine Ip Address Retrieved: 2.195.169.51
04/05/2019 01:07:40 PM - [INFO]: ShodanEngine Ports Retrieved: [8080, 80, 21, 22, 161, 53, 23, 443, 554, 2222]
04/05/2019 01:07:40 PM - [INFO]: ShodanEngine Organization Retrieved: Telecom Italia Mobile
04/05/2019 01:07:40 PM - [INFO]: ShodanEngine City Retrieved: Ravenna
04/05/2019 01:07:40 PM - [INFO]: ShodanEngine Country Code3 Retrieved: ITA
04/05/2019 01:07:40 PM - [INFO]: ShodanEngine Postal Code Retrieved: 48100
04/05/2019 01:07:40 PM - [INFO]: ShodanEngine Longitude, Latitude Retrieved: 12.201099999999997, 44.41749999999999
04/05/2019 01:07:40 PM - [INFO]: ShodanEngine Data, Server OS Retrieved: HTTP/1.1, CirCarLife Scada v4.2.4
04/05/2019 01:07:40 PM - [INFO]: ShodanEngine CVE Retrieved: ['CVE-2018-10549', 'CVE-2018-5712', 'CVE-2018-5711', 'CVE-2017-15906', 'CVE-2018-10545', 'CVE-2018-10547', 'CVE-2018-10546', 'CVE-2008-1657', 'CVE-2016-0736', 'CVE-2007-2243', 'CVE-2017-12934', 'CVE-2007-4752', 'CVE-2016-0777', 'CVE-2017-11628', 'CVE-2018-1312', 'CVE-2017-12933', 'CVE-2017-12932', 'CVE-2010-4755', 'CVE-2018-1333', 'CVE-2016-0778', 'CVE-2018-11763', 'CVE-2018-10548', 'CVE-2018-7584', 'CVE-2018-19396', 'CVE-2018-19395', 'CVE-2017-7890', 'CVE-2017-11145', 'CVE-2017-11144', 'CVE-2018-19935', 'CVE-2010-4478', 'CVE-2014-1692', 'CVE-2008-3259', 'CVE-2019-9675', 'CVE-2019-9020', 'CVE-2018-17082', 'CVE-2017-15710', 'CVE-2019-9639', 'CVE-2019-9638', 'CVE-2017-7668', 'CVE-2017-15715', 'CVE-2019-9637', 'CVE-2016-5387', 'CVE-2012-0814', 'CVE-2017-16642', 'CVE-2018-20783', 'CVE-2019-9024', 'CVE-2010-5107', 'CVE-2018-17199', 'CVE-2017-7679', 'CVE-2018-14884', 'CVE-2017-9788', 'CVE-2019-6977', 'CVE-2018-15473', 'CVE-2016-10708', 'CVE-2019-9641', 'CVE-2017-3167', 'CVE-2017-9798', 'CVE-2018-14883', 'CVE-2011-5000', 'CVE-2017-3169', 'CVE-2017-11362', 'CVE-2016-2161', 'CVE-2018-14851', 'CVE-2018-19518', 'CVE-2016-4975', 'CVE-2019-9022', 'CVE-2019-9023', 'CVE-2018-1283', 'CVE-2019-9021', 'CVE-2016-8740', 'CVE-2016-8743', 'CVE-2019-9640', 'CVE-2008-4109', 'CVE-2018-15132', 'CVE-2011-4327']
04/05/2019 01:07:41 PM - [INFO]: Device Number: [ 9 ]
04/05/2019 01:07:41 PM - [INFO]: ShodanEngine Transport Retrieved: TCP
04/05/2019 01:07:41 PM - [INFO]: ShodanEngine Ip Address Retrieved: 149.13.154.6
04/05/2019 01:07:42 PM - [INFO]: ShodanEngine Ports Retrieved: [8089, 8081, 8080, 8086, 8090, 161, 8083, 4444]
04/05/2019 01:07:42 PM - [INFO]: ShodanEngine Organization Retrieved: Z.G. Elettronica
04/05/2019 01:07:42 PM - [INFO]: ShodanEngine City Retrieved: Sovizzo
04/05/2019 01:07:42 PM - [INFO]: ShodanEngine Country Code3 Retrieved: ITA
04/05/2019 01:07:42 PM - [INFO]: ShodanEngine Postal Code Retrieved: 36050
04/05/2019 01:07:42 PM - [INFO]: ShodanEngine Longitude, Latitude Retrieved: 11.446100000000001, 45.526700000000005
04/05/2019 01:07:42 PM - [ERROR]: ShodanEngine CVE Retrieved: 'NoneType' object has no attribute 'group'
04/05/2019 01:07:42 PM - [INFO]: ShodanEngine CVE Retrieved: 
04/05/2019 01:07:43 PM - [INFO]: Device Number: [ 10 ]
04/05/2019 01:07:43 PM - [INFO]: ShodanEngine Transport Retrieved: TCP
04/05/2019 01:07:43 PM - [INFO]: ShodanEngine Ip Address Retrieved: 95.226.188.61
04/05/2019 01:07:47 PM - [INFO]: ShodanEngine Ports Retrieved: [80, 9090, 8090, 84, 37777, 443]
04/05/2019 01:07:47 PM - [INFO]: ShodanEngine Organization Retrieved: Telecom Italia Business
04/05/2019 01:07:47 PM - [INFO]: ShodanEngine City Retrieved: Fasano
04/05/2019 01:07:47 PM - [INFO]: ShodanEngine Country Code3 Retrieved: ITA
04/05/2019 01:07:47 PM - [INFO]: ShodanEngine Postal Code Retrieved: 72015
04/05/2019 01:07:47 PM - [INFO]: ShodanEngine Longitude, Latitude Retrieved: 17.36009999999999, 40.83619999999999
04/05/2019 01:07:47 PM - [INFO]: ShodanEngine Data, Server OS Retrieved: HTTP/1.0, Apache/2.2.3 (Red Hat)
04/05/2019 01:07:49 PM - [INFO]: ShodanEngine CVE Retrieved: ['CVE-2007-1890', 'CVE-2006-4625', 'CVE-2018-10549', 'CVE-2014-5459', 'CVE-2008-2939', 'CVE-2008-5658', 'CVE-2018-10545', 'CVE-2018-10547', 'CVE-2018-10546', 'CVE-2008-5557', 'CVE-2007-1380', 'CVE-2008-5498', 'CVE-2012-1172', 'CVE-2018-10548', 'CVE-2009-4143', 'CVE-2006-3011', 'CVE-2012-2311', 'CVE-2006-5752', 'CVE-2007-1461', 'CVE-2014-2497', 'CVE-2008-0599', 'CVE-2007-2872', 'CVE-2011-1468', 'CVE-2011-1469', 'CVE-2011-0421', 'CVE-2012-2688', 'CVE-2007-1700', 'CVE-2012-2687', 'CVE-2009-3294', 'CVE-2007-1396', 'CVE-2009-3292', 'CVE-2011-1467', 'CVE-2011-1464', 'CVE-2009-3291', 'CVE-2011-3182', 'CVE-2018-20783', 'CVE-2007-3007', 'CVE-2009-3555', 'CVE-2012-0057', 'CVE-2017-3167', 'CVE-2012-0053', 'CVE-2006-7243', 'CVE-2012-0883', 'CVE-2017-3169', 'CVE-2007-0906', 'CVE-2009-2626', 'CVE-2010-1130', 'CVE-2012-1823', 'CVE-2007-6388', 'CVE-2009-1891', 'CVE-2013-1635', 'CVE-2016-4975', 'CVE-2011-3639', 'CVE-2007-4465', 'CVE-2018-1312', 'CVE-2014-9427', 'CVE-2013-1643', 'CVE-2011-4317', 'CVE-2011-4885', 'CVE-2007-1285', 'CVE-2018-1333', 'CVE-2007-3998', 'CVE-2011-3348', 'CVE-2011-4415', 'CVE-2018-19520', 'CVE-2018-19396', 'CVE-2016-7478', 'CVE-2007-3799', 'CVE-2009-0754', 'CVE-2012-2143', 'CVE-2010-3870', 'CVE-2012-1171', 'CVE-2012-0831', 'CVE-2018-17082', 'CVE-2019-9639', 'CVE-2019-9638', 'CVE-2017-7668', 'CVE-2013-6438', 'CVE-2013-4248', 'CVE-2019-9637', 'CVE-2007-1376', 'CVE-2007-1582', 'CVE-2007-1583', 'CVE-2007-1581', 'CVE-2007-1741', 'CVE-2007-1742', 'CVE-2007-1743', 'CVE-2009-1890', 'CVE-2018-14883', 'CVE-2013-2249', 'CVE-2011-1153', 'CVE-2010-1452', 'CVE-2010-0434', 'CVE-2011-3607', 'CVE-2006-5706', 'CVE-2008-5624', 'CVE-2011-4718', 'CVE-2014-0237', 'CVE-2007-1452', 'CVE-2008-2384', 'CVE-2011-0419', 'CVE-2014-0231', 'CVE-2014-0238', 'CVE-2019-9023', 'CVE-2006-4812', 'CVE-2019-9021', 'CVE-2019-9024', 'CVE-2009-1195', 'CVE-2011-3192', 'CVE-2007-0909', 'CVE-2007-0905', 'CVE-2007-0907', 'CVE-2010-0425', 'CVE-2007-4658', 'CVE-2007-1825', 'CVE-2007-4657', 'CVE-2011-3368', 'CVE-2018-1283', 'CVE-2007-4652', 'CVE-2012-4558', 'CVE-2017-15710', 'CVE-2008-5625', 'CVE-2011-1092', 'CVE-2018-19935', 'CVE-2007-2727', 'CVE-2013-4635', 'CVE-2011-0708', 'CVE-2008-2666', 'CVE-2010-4697', 'CVE-2017-15715', 'CVE-2010-4699', 'CVE-2007-1888', 'CVE-2007-5000', 'CVE-2007-0910', 'CVE-2017-7679', 'CVE-2015-8994', 'CVE-2019-6977', 'CVE-2018-1301', 'CVE-2018-1302', 'CVE-2018-1303', 'CVE-2011-2483', 'CVE-2007-6750', 'CVE-2007-3997', 'CVE-2008-4107', 'CVE-2008-2168', 'CVE-2007-1824', 'CVE-2011-3267', 'CVE-2011-1466', 'CVE-2013-1862', 'CVE-2014-0098', 'CVE-2007-6420', 'CVE-2007-6421', 'CVE-2007-6422', 'CVE-2019-9641', 'CVE-2012-3365', 'CVE-2007-6423', 'CVE-2018-15132', 'CVE-2006-5178', 'CVE-2010-0408', 'CVE-2011-0752', 'CVE-2011-0755', 'CVE-2009-4418', 'CVE-2007-2509', 'CVE-2009-2699', 'CVE-2011-3268', 'CVE-2008-2050', 'CVE-2008-2051', 'CVE-2013-1896', 'CVE-2016-8612', 'CVE-2007-1835', 'CVE-2012-2336', 'CVE-2019-9020', 'CVE-2018-11763', 'CVE-2009-5016', 'CVE-2009-4142', 'CVE-2009-4018', 'CVE-2009-3293', 'CVE-2017-16642', 'CVE-2007-1887', 'CVE-2013-2110', 'CVE-2007-1885', 'CVE-2007-1884', 'CVE-2007-1883', 'CVE-2012-3499', 'CVE-2012-0031', 'CVE-2008-0455', 'CVE-2018-19395', 'CVE-2007-6203', 'CVE-2012-2386', 'CVE-2007-2510', 'CVE-2012-2376', 'CVE-2008-5814', 'CVE-2008-2108', 'CVE-2006-5465', 'CVE-2008-2107', 'CVE-2007-2844', 'CVE-2012-0789', 'CVE-2012-0788', 'CVE-2007-1001', 'CVE-2007-1718', 'CVE-2007-1717', 'CVE-2011-1470', 'CVE-2018-17199', 'CVE-2007-1710']
